<?xml version="1.0" encoding="UTF-8"?>
<testng-results ignored="1" total="2" passed="1" failed="0" skipped="0">
  <reporter-output>
  </reporter-output>
  <suite started-at="2022-10-28T17:00:52 ICT" name="Default suite" finished-at="2022-10-28T17:01:27 ICT" duration-ms="34849">
    <groups>
    </groups>
    <test started-at="2022-10-28T17:00:52 ICT" name="Default test" finished-at="2022-10-28T17:01:27 ICT" duration-ms="34849">
      <class name="Railway.FinalTestTestCases">
        <test-method is-config="true" signature="beforeMethod()[pri:0, instance:Railway.FinalTestTestCases@478190fc]" started-at="2022-10-28T17:00:52 ICT" name="beforeMethod" finished-at="2022-10-28T17:00:54 ICT" duration-ms="1703" status="PASS">
          <reporter-output>
          </reporter-output>
        </test-method> <!-- beforeMethod -->
        <test-method is-config="true" signature="createAccount()[pri:0, instance:Railway.FinalTestTestCases@478190fc]" started-at="2022-10-28T17:00:54 ICT" name="createAccount" finished-at="2022-10-28T17:01:04 ICT" duration-ms="10364" status="PASS">
          <reporter-output>
          </reporter-output>
        </test-method> <!-- createAccount -->
        <test-method signature="FTTC01()[pri:0, instance:Railway.FinalTestTestCases@478190fc]" started-at="2022-10-28T17:01:04 ICT" name="FTTC01" finished-at="2022-10-28T17:01:27 ICT" duration-ms="22554" status="PASS">
          <reporter-output>
          </reporter-output>
        </test-method> <!-- FTTC01 -->
        <test-method is-config="true" signature="afterMethod()[pri:0, instance:Railway.FinalTestTestCases@478190fc]" started-at="2022-10-28T17:01:27 ICT" name="afterMethod" finished-at="2022-10-28T17:01:27 ICT" duration-ms="196" status="PASS">
          <reporter-output>
          </reporter-output>
        </test-method> <!-- afterMethod -->
      </class> <!-- Railway.FinalTestTestCases -->
    </test> <!-- Default test -->
  </suite> <!-- Default suite -->
</testng-results>
